[02/01/23 09:55:11][__main__][INFO] - Training script. The outputs will be stored in:
[02/01/23 09:55:11][__main__][INFO] - The working directory is:/home/zhao_yang/project/teach/teach/babel-amass/baseline/ftoqzeh5
[02/01/23 09:55:11][__main__][INFO] - Loading libraries
[02/01/23 09:55:12][__main__][INFO] - Libraries loaded
[02/01/23 09:55:12][__main__][INFO] - Set the seed to 42
[02/01/23 09:55:12][pytorch_lightning.utilities.seed][INFO] - Global seed set to 42
[02/01/23 09:55:12][__main__][INFO] - Loading data module
[02/01/23 09:55:13][__main__][INFO] - Data module 'babel-amass' loaded
[02/01/23 09:55:13][__main__][INFO] - Loading model
[02/01/23 09:55:13][torch.distributed.nn.jit.instantiator][INFO] - Created a temporary directory at /tmp/tmpwt48ye76
[02/01/23 09:55:13][torch.distributed.nn.jit.instantiator][INFO] - Writing /tmp/tmpwt48ye76/_remote_module_non_sriptable.py
[02/01/23 09:55:14][__main__][INFO] - Model 'teach' loaded
[02/01/23 09:55:14][__main__][INFO] - Loading logger
[02/01/23 09:55:14][__main__][INFO] - Logger 'none' ready
[02/01/23 09:55:14][__main__][INFO] - Loading callbacks
[02/01/23 09:55:15][OpenGL.acceleratesupport][INFO] - No OpenGL_accelerate module loaded: No module named 'OpenGL_accelerate'
[02/01/23 09:55:15][__main__][INFO] - Callbacks initialized
[02/01/23 09:55:15][__main__][INFO] - Loading trainer
[02/01/23 09:55:21][pytorch_lightning.utilities.distributed][INFO] - GPU available: True, used: True
[02/01/23 09:55:21][pytorch_lightning.utilities.distributed][INFO] - TPU available: False, using: 0 TPU cores
[02/01/23 09:55:21][pytorch_lightning.utilities.distributed][INFO] - IPU available: False, using: 0 IPUs
[02/01/23 09:55:21][__main__][INFO] - Trainer initialized
[02/01/23 09:55:21][__main__][INFO] - Fitting the model..
[02/01/23 09:55:31][__main__][INFO] - Fitting done
[02/01/23 09:55:31][__main__][INFO] - The checkpoints are stored in /home/zhao_yang/project/teach/teach/babel-amass/baseline/ftoqzeh5/checkpoints
[02/01/23 09:55:31][__main__][INFO] - Training done. Reminder, the outputs are stored in:
/home/zhao_yang/project/teach/teach/babel-amass/baseline/ftoqzeh5
