[03/01/23 22:57:05][__main__][INFO] - Training script. The outputs will be stored in:
[03/01/23 22:57:05][__main__][INFO] - The working directory is:/home/zhao_yang/project/teach/teach/babel-amass/training/157fuirb
[03/01/23 22:57:05][__main__][INFO] - Loading libraries
[03/01/23 22:57:08][__main__][INFO] - Libraries loaded
[03/01/23 22:57:08][__main__][INFO] - Set the seed to 42
[03/01/23 22:57:08][pytorch_lightning.utilities.seed][INFO] - Global seed set to 42
[03/01/23 22:57:08][__main__][INFO] - Loading data module
[04/01/23 08:11:22][teach.data.babel][INFO] - Processed 6568 sequences and found 3065 invalid cases based on the datatype.
[04/01/23 08:11:59][teach.data.babel][INFO] - 15849 sequences -- datatype:separate_pairs.
[04/01/23 08:12:28][teach.data.babel][INFO] - 14.1% of the sequences which are rejected by the sampler in total.
[04/01/23 08:12:39][teach.data.babel][INFO] - 0.0% of the sequence which are rejected by the sampler, because of the excluded actions.
[04/01/23 08:12:54][teach.data.babel][INFO] - 14.1% of the sequence which are rejected by the sampler, because they are too short(<0.5 secs) or too long(>25.0 secs).
[04/01/23 08:12:55][teach.data.babel][INFO] - Discard from BML: 0
[04/01/23 08:13:04][teach.data.babel][INFO] - Discard not KIT: 0
[04/01/23 08:15:08][__main__][INFO] - Data module 'babel-amass' loaded
[04/01/23 08:15:14][__main__][INFO] - Loading model
[04/01/23 08:15:17][torch.distributed.nn.jit.instantiator][INFO] - Created a temporary directory at /tmp/tmpl0am14uw
[04/01/23 08:15:17][torch.distributed.nn.jit.instantiator][INFO] - Writing /tmp/tmpl0am14uw/_remote_module_non_scriptable.py
[04/01/23 08:15:37][__main__][INFO] - Model 'teach' loaded
[04/01/23 08:15:38][__main__][INFO] - Loading logger
[04/01/23 08:15:39][__main__][INFO] - Logger 'none' ready
[04/01/23 08:15:40][__main__][INFO] - Loading callbacks
[04/01/23 08:15:56][OpenGL.acceleratesupport][INFO] - No OpenGL_accelerate module loaded: No module named 'OpenGL_accelerate'
[04/01/23 08:16:02][__main__][INFO] - Callbacks initialized
[04/01/23 08:16:05][__main__][INFO] - Loading trainer
[04/01/23 08:16:12][pytorch_lightning.utilities.distributed][INFO] - GPU available: True, used: True
[04/01/23 08:16:15][pytorch_lightning.utilities.distributed][INFO] - TPU available: False, using: 0 TPU cores
[04/01/23 08:16:17][pytorch_lightning.utilities.distributed][INFO] - IPU available: False, using: 0 IPUs
[04/01/23 08:16:23][__main__][INFO] - Trainer initialized
[04/01/23 08:16:25][__main__][INFO] - Fitting the model..
[04/01/23 08:20:25][teach.data.babel][INFO] - Processed 6568 sequences and found 3065 invalid cases based on the datatype.
[04/01/23 08:20:25][teach.data.babel][INFO] - 15849 sequences -- datatype:separate_pairs.
[04/01/23 08:20:25][teach.data.babel][INFO] - 14.1% of the sequences which are rejected by the sampler in total.
[04/01/23 08:20:25][teach.data.babel][INFO] - 0.0% of the sequence which are rejected by the sampler, because of the excluded actions.
[04/01/23 08:20:25][teach.data.babel][INFO] - 14.1% of the sequence which are rejected by the sampler, because they are too short(<0.5 secs) or too long(>25.0 secs).
[04/01/23 08:20:25][teach.data.babel][INFO] - Discard from BML: 0
[04/01/23 08:20:25][teach.data.babel][INFO] - Discard not KIT: 0
[04/01/23 08:21:24][teach.data.babel][INFO] - Processed 2183 sequences and found 977 invalid cases based on the datatype.
[04/01/23 08:21:24][teach.data.babel][INFO] - 5672 sequences -- datatype:separate_pairs.
[04/01/23 08:21:24][teach.data.babel][INFO] - 16.27% of the sequences which are rejected by the sampler in total.
[04/01/23 08:21:24][teach.data.babel][INFO] - 0.0% of the sequence which are rejected by the sampler, because of the excluded actions.
[04/01/23 08:21:24][teach.data.babel][INFO] - 16.27% of the sequence which are rejected by the sampler, because they are too short(<0.5 secs) or too long(>25.0 secs).
[04/01/23 08:21:24][teach.data.babel][INFO] - Discard from BML: 0
[04/01/23 08:21:24][teach.data.babel][INFO] - Discard not KIT: 0
[04/01/23 08:21:50][pytorch_lightning.accelerators.gpu][INFO] - LOCAL_RANK: 0 - CUDA_VISIBLE_DEVICES: [1]
[04/01/23 08:22:22][pytorch_lightning.callbacks.model_summary][INFO] - 
  | Name          | Type                 | Params
-------------------------------------------------------
0 | textencoder   | TextHist             | 76.1 M
1 | motionencoder | ActorAgnosticEncoder | 4.8 M 
2 | motiondecoder | ActorAgnosticDecoder | 6.4 M 
3 | _losses       | MetricCollection     | 0     
4 | metrics       | ComputeMetricsTeach  | 0     
-------------------------------------------------------
20.8 M    Trainable params
66.4 M    Non-trainable params
87.2 M    Total params
348.807   Total estimated model params size (MB)
[04/01/23 08:23:31][__main__][INFO] - Fitting done
[04/01/23 08:23:31][__main__][INFO] - The checkpoints are stored in /home/zhao_yang/project/teach/teach/babel-amass/training/157fuirb/checkpoints
[04/01/23 08:23:31][__main__][INFO] - Training done. Reminder, the outputs are stored in:
/home/zhao_yang/project/teach/teach/babel-amass/training/157fuirb
