[02/01/23 21:02:30][py.warnings][WARNING] - /home/zhao_yang/anaconda3/envs/composition/lib/python3.9/site-packages/torch/nn/_reduction.py:42: UserWarning: size_average and reduce args will be deprecated, please use reduction='mean' instead.
  warnings.warn(warning.format(ret))

[02/01/23 21:02:38][py.warnings][WARNING] - /home/zhao_yang/anaconda3/envs/composition/lib/python3.9/site-packages/torch/nn/_reduction.py:42: UserWarning: size_average and reduce args will be deprecated, please use reduction='mean' instead.
  warnings.warn(warning.format(ret))

[02/01/23 21:02:38][py.warnings][WARNING] - /home/zhao_yang/anaconda3/envs/composition/lib/python3.9/site-packages/torch/nn/_reduction.py:42: UserWarning: size_average and reduce args will be deprecated, please use reduction='mean' instead.
  warnings.warn(warning.format(ret))

[02/01/23 21:02:39][py.warnings][WARNING] - /home/zhao_yang/anaconda3/envs/composition/lib/python3.9/site-packages/torch/nn/_reduction.py:42: UserWarning: size_average and reduce args will be deprecated, please use reduction='mean' instead.
  warnings.warn(warning.format(ret))

[02/01/23 21:02:39][py.warnings][WARNING] - /home/zhao_yang/anaconda3/envs/composition/lib/python3.9/site-packages/torch/nn/_reduction.py:42: UserWarning: size_average and reduce args will be deprecated, please use reduction='mean' instead.
  warnings.warn(warning.format(ret))

[02/01/23 21:02:40][py.warnings][WARNING] - /home/zhao_yang/anaconda3/envs/composition/lib/python3.9/site-packages/torch/nn/_reduction.py:42: UserWarning: size_average and reduce args will be deprecated, please use reduction='mean' instead.
  warnings.warn(warning.format(ret))

[02/01/23 21:06:01][py.warnings][WARNING] - /home/zhao_yang/anaconda3/envs/composition/lib/python3.9/site-packages/torch/nn/_reduction.py:42: UserWarning: size_average and reduce args will be deprecated, please use reduction='mean' instead.
  warnings.warn(warning.format(ret))

[02/01/23 21:06:06][py.warnings][WARNING] - /home/zhao_yang/anaconda3/envs/composition/lib/python3.9/site-packages/torch/nn/_reduction.py:42: UserWarning: size_average and reduce args will be deprecated, please use reduction='mean' instead.
  warnings.warn(warning.format(ret))

[02/01/23 21:08:05][py.warnings][WARNING] - /home/zhao_yang/anaconda3/envs/composition/lib/python3.9/site-packages/torch/nn/_reduction.py:42: UserWarning: size_average and reduce args will be deprecated, please use reduction='mean' instead.
  warnings.warn(warning.format(ret))

[02/01/23 21:08:05][py.warnings][WARNING] - /home/zhao_yang/anaconda3/envs/composition/lib/python3.9/site-packages/pytorch_lightning/loops/optimization/optimizer_loop.py:145: UserWarning: `training_step` returned `None`. If this was on purpose, ignore this warning...
  self.warning_cache.warn(

[02/01/23 21:08:10][py.warnings][WARNING] - /home/zhao_yang/anaconda3/envs/composition/lib/python3.9/site-packages/torch/nn/_reduction.py:42: UserWarning: size_average and reduce args will be deprecated, please use reduction='mean' instead.
  warnings.warn(warning.format(ret))

[02/01/23 21:08:11][py.warnings][WARNING] - /home/zhao_yang/anaconda3/envs/composition/lib/python3.9/site-packages/torch/nn/_reduction.py:42: UserWarning: size_average and reduce args will be deprecated, please use reduction='mean' instead.
  warnings.warn(warning.format(ret))

[02/01/23 21:08:12][py.warnings][WARNING] - /home/zhao_yang/anaconda3/envs/composition/lib/python3.9/site-packages/torch/nn/_reduction.py:42: UserWarning: size_average and reduce args will be deprecated, please use reduction='mean' instead.
  warnings.warn(warning.format(ret))

[02/01/23 21:08:13][py.warnings][WARNING] - /home/zhao_yang/anaconda3/envs/composition/lib/python3.9/site-packages/torch/nn/_reduction.py:42: UserWarning: size_average and reduce args will be deprecated, please use reduction='mean' instead.
  warnings.warn(warning.format(ret))

[02/01/23 21:08:16][py.warnings][WARNING] - /home/zhao_yang/anaconda3/envs/composition/lib/python3.9/site-packages/torch/nn/_reduction.py:42: UserWarning: size_average and reduce args will be deprecated, please use reduction='mean' instead.
  warnings.warn(warning.format(ret))

[02/01/23 21:08:17][py.warnings][WARNING] - /home/zhao_yang/anaconda3/envs/composition/lib/python3.9/site-packages/torch/nn/_reduction.py:42: UserWarning: size_average and reduce args will be deprecated, please use reduction='mean' instead.
  warnings.warn(warning.format(ret))

[02/01/23 21:08:17][py.warnings][WARNING] - /home/zhao_yang/anaconda3/envs/composition/lib/python3.9/site-packages/torch/nn/_reduction.py:42: UserWarning: size_average and reduce args will be deprecated, please use reduction='mean' instead.
  warnings.warn(warning.format(ret))

[02/01/23 21:08:21][py.warnings][WARNING] - /home/zhao_yang/anaconda3/envs/composition/lib/python3.9/site-packages/torch/nn/_reduction.py:42: UserWarning: size_average and reduce args will be deprecated, please use reduction='mean' instead.
  warnings.warn(warning.format(ret))

[02/01/23 21:35:58][py.warnings][WARNING] - /home/zhao_yang/anaconda3/envs/composition/lib/python3.9/site-packages/pytorch_lightning/trainer/trainer.py:685: UserWarning: Detected KeyboardInterrupt, attempting graceful shutdown...
  return trainer_fn(*args, **kwargs)

