[04/01/23 08:40:43][__main__][INFO] - Training script. The outputs will be stored in:
[04/01/23 08:40:43][__main__][INFO] - The working directory is:/home/zhao_yang/project/teach/teach/babel-amass/training/112ic2ba
[04/01/23 08:40:43][__main__][INFO] - Loading libraries
[04/01/23 08:40:46][__main__][INFO] - Libraries loaded
[04/01/23 08:40:46][__main__][INFO] - Set the seed to 42
[04/01/23 08:40:46][pytorch_lightning.utilities.seed][INFO] - Global seed set to 42
[04/01/23 08:40:46][__main__][INFO] - Loading data module
[04/01/23 08:40:47][__main__][INFO] - Data module 'babel-amass' loaded
[04/01/23 08:40:47][__main__][INFO] - Loading model
[04/01/23 08:40:47][torch.distributed.nn.jit.instantiator][INFO] - Created a temporary directory at /tmp/tmp14h0do6n
[04/01/23 08:40:47][torch.distributed.nn.jit.instantiator][INFO] - Writing /tmp/tmp14h0do6n/_remote_module_non_scriptable.py
[04/01/23 08:40:49][__main__][INFO] - Model 'teach' loaded
[04/01/23 08:40:49][__main__][INFO] - Loading logger
[04/01/23 08:40:49][__main__][INFO] - Logger 'none' ready
[04/01/23 08:40:49][__main__][INFO] - Loading callbacks
[04/01/23 08:40:50][OpenGL.acceleratesupport][INFO] - No OpenGL_accelerate module loaded: No module named 'OpenGL_accelerate'
[04/01/23 08:40:51][__main__][INFO] - Callbacks initialized
[04/01/23 08:40:51][__main__][INFO] - Loading trainer
[04/01/23 08:40:52][pytorch_lightning.utilities.distributed][INFO] - GPU available: True, used: True
[04/01/23 08:40:52][pytorch_lightning.utilities.distributed][INFO] - TPU available: False, using: 0 TPU cores
[04/01/23 08:40:52][pytorch_lightning.utilities.distributed][INFO] - IPU available: False, using: 0 IPUs
[04/01/23 08:40:52][__main__][INFO] - Trainer initialized
[04/01/23 08:40:52][__main__][INFO] - Fitting the model..
[04/01/23 08:42:04][teach.data.babel][INFO] - Processed 6568 sequences and found 3065 invalid cases based on the datatype.
[04/01/23 08:42:04][teach.data.babel][INFO] - 15849 sequences -- datatype:separate_pairs.
[04/01/23 08:42:04][teach.data.babel][INFO] - 14.1% of the sequences which are rejected by the sampler in total.
[04/01/23 08:42:04][teach.data.babel][INFO] - 0.0% of the sequence which are rejected by the sampler, because of the excluded actions.
[04/01/23 08:42:04][teach.data.babel][INFO] - 14.1% of the sequence which are rejected by the sampler, because they are too short(<0.5 secs) or too long(>25.0 secs).
[04/01/23 08:42:04][teach.data.babel][INFO] - Discard from BML: 0
[04/01/23 08:42:04][teach.data.babel][INFO] - Discard not KIT: 0
[04/01/23 08:42:29][teach.data.babel][INFO] - Processed 2183 sequences and found 977 invalid cases based on the datatype.
[04/01/23 08:42:29][teach.data.babel][INFO] - 5672 sequences -- datatype:separate_pairs.
[04/01/23 08:42:29][teach.data.babel][INFO] - 16.27% of the sequences which are rejected by the sampler in total.
[04/01/23 08:42:29][teach.data.babel][INFO] - 0.0% of the sequence which are rejected by the sampler, because of the excluded actions.
[04/01/23 08:42:29][teach.data.babel][INFO] - 16.27% of the sequence which are rejected by the sampler, because they are too short(<0.5 secs) or too long(>25.0 secs).
[04/01/23 08:42:29][teach.data.babel][INFO] - Discard from BML: 0
[04/01/23 08:42:29][teach.data.babel][INFO] - Discard not KIT: 0
[04/01/23 08:42:29][pytorch_lightning.accelerators.gpu][INFO] - LOCAL_RANK: 0 - CUDA_VISIBLE_DEVICES: [1]
[04/01/23 08:42:30][pytorch_lightning.callbacks.model_summary][INFO] - 
  | Name          | Type                 | Params
-------------------------------------------------------
0 | textencoder   | TextHist             | 76.1 M
1 | motionencoder | ActorAgnosticEncoder | 4.8 M 
2 | motiondecoder | ActorAgnosticDecoder | 6.4 M 
3 | _losses       | MetricCollection     | 0     
4 | metrics       | ComputeMetricsTeach  | 0     
-------------------------------------------------------
20.8 M    Trainable params
66.4 M    Non-trainable params
87.2 M    Total params
348.807   Total estimated model params size (MB)
[04/01/23 08:46:52][teach.callback.progress][INFO] - Sanity checking ok.
[04/01/23 08:47:10][pytorch_lightning.utilities.seed][INFO] - Global seed set to 42
[04/01/23 08:47:51][teach.callback.progress][INFO] - Training started
